<?xml version="1.0" encoding="UTF-8"?>
<!-- Generated by org.testng.reporters.JUnitReportReporter -->
<testsuite hostname="DESKTOP-VBNLNPQ" failures="0" tests="1" name="testcases.LoginTestCase" time="13.537" errors="0" timestamp="2023-04-08T14:48:47 IST" skipped="0">
  <testcase classname="testcases.LoginTestCase" name="validateLoginFunctionality" time="13.537"/>
  <system-out/>
</testsuite> <!-- testcases.LoginTestCase -->
